# JRE version: OpenJDK Runtime Environment Temurin-17.0.9+9 (17.0.9+9) (build 17.0.9+9)
# Java VM: OpenJDK 64-Bit Server VM Temurin-17.0.9+9 (17.0.9+9, mixed mode, tiered, compressed oops, compressed class ptrs, parallel gc, linux-amd64)
GC Precious Log:
 CPUs: 20 total, 20 available
 Memory: 15914M
 Large Page Support: Disabled
 NUMA Support: Disabled
 Compressed Oops: Enabled (32-bit)
 Alignments: Space 512K, Generation 512K, Heap 2M
 Heap Min Capacity: 100M
 Heap Initial Capacity: 100M
 Heap Max Capacity: 1G
 Pre-touch: Disabled
 Parallel Workers: 15
Heap:
 PSYoungGen      total 24576K, used 11518K [0x00000000eab00000, 0x00000000ec600000, 0x0000000100000000)
  eden space 22016K, 41% used [0x00000000eab00000,0x00000000eb3efa60,0x00000000ec080000)
  from space 2560K, 92% used [0x00000000ec380000,0x00000000ec5d0000,0x00000000ec600000)
  to   space 2560K, 0% used [0x00000000ec100000,0x00000000ec100000,0x00000000ec380000)
 ParOldGen       total 68608K, used 22315K [0x00000000c0000000, 0x00000000c4300000, 0x00000000eab00000)
  object space 68608K, 32% used [0x00000000c0000000,0x00000000c15caf90,0x00000000c4300000)
 Metaspace       used 36644K, committed 37312K, reserved 1114112K
  class space    used 3725K, committed 4032K, reserved 1048576K
GC Heap History (20 events):
Event: 2.826 GC heap before
{Heap before GC invocations=7 (full 1):
 PSYoungGen      total 26112K, used 25603K [0x00000000eab00000, 0x00000000ec880000, 0x0000000100000000)
  eden space 25088K, 100% used [0x00000000eab00000,0x00000000ec380000,0x00000000ec380000)
  from space 1024K, 50% used [0x00000000ec400000,0x00000000ec480c98,0x00000000ec500000)
  to   space 2048K, 0% used [0x00000000ec680000,0x00000000ec680000,0x00000000ec880000)
 ParOldGen       total 68608K, used 6845K [0x00000000c0000000, 0x00000000c4300000, 0x00000000eab00000)
  object space 68608K, 9% used [0x00000000c0000000,0x00000000c06af460,0x00000000c4300000)
 Metaspace       used 27552K, committed 28032K, reserved 1114112K
  class space    used 2677K, committed 2880K, reserved 1048576K
}
Event: 2.828 GC heap after
{Heap after GC invocations=7 (full 1):
 PSYoungGen      total 25600K, used 958K [0x00000000eab00000, 0x00000000ec780000, 0x0000000100000000)
  eden space 24576K, 0% used [0x00000000eab00000,0x00000000eab00000,0x00000000ec300000)
  from space 1024K, 93% used [0x00000000ec680000,0x00000000ec76fbd0,0x00000000ec780000)
  to   space 1536K, 0% used [0x00000000ec480000,0x00000000ec480000,0x00000000ec600000)
 ParOldGen       total 68608K, used 6853K [0x00000000c0000000, 0x00000000c4300000, 0x00000000eab00000)
  object space 68608K, 9% used [0x00000000c0000000,0x00000000c06b1460,0x00000000c4300000)
 Metaspace       used 27552K, committed 28032K, reserved 1114112K
  class space    used 2677K, committed 2880K, reserved 1048576K
}
Event: 3.740 GC heap before
{Heap before GC invocations=8 (full 1):
 PSYoungGen      total 25600K, used 25534K [0x00000000eab00000, 0x00000000ec780000, 0x0000000100000000)
  eden space 24576K, 100% used [0x00000000eab00000,0x00000000ec300000,0x00000000ec300000)
  from space 1024K, 93% used [0x00000000ec680000,0x00000000ec76fbd0,0x00000000ec780000)
  to   space 1536K, 0% used [0x00000000ec480000,0x00000000ec480000,0x00000000ec600000)
 ParOldGen       total 68608K, used 6853K [0x00000000c0000000, 0x00000000c4300000, 0x00000000eab00000)
  object space 68608K, 9% used [0x00000000c0000000,0x00000000c06b1460,0x00000000c4300000)
 Metaspace       used 31922K, committed 32576K, reserved 1114112K
  class space    used 3176K, committed 3456K, reserved 1048576K
}
Event: 3.744 GC heap after
{Heap after GC invocations=8 (full 1):
 PSYoungGen      total 25600K, used 1531K [0x00000000eab00000, 0x00000000ec980000, 0x0000000100000000)
  eden space 24064K, 0% used [0x00000000eab00000,0x00000000eab00000,0x00000000ec280000)
  from space 1536K, 99% used [0x00000000ec480000,0x00000000ec5fee60,0x00000000ec600000)
  to   space 3584K, 0% used [0x00000000ec600000,0x00000000ec600000,0x00000000ec980000)
 ParOldGen       total 68608K, used 8258K [0x00000000c0000000, 0x00000000c4300000, 0x00000000eab00000)
  object space 68608K, 12% used [0x00000000c0000000,0x00000000c0810968,0x00000000c4300000)
 Metaspace       used 31922K, committed 32576K, reserved 1114112K
  class space    used 3176K, committed 3456K, reserved 1048576K
}
Event: 4.070 GC heap before
{Heap before GC invocations=9 (full 1):
 PSYoungGen      total 25600K, used 20136K [0x00000000eab00000, 0x00000000ec980000, 0x0000000100000000)
  eden space 24064K, 77% used [0x00000000eab00000,0x00000000ebd2b278,0x00000000ec280000)
  from space 1536K, 99% used [0x00000000ec480000,0x00000000ec5fee60,0x00000000ec600000)
  to   space 3584K, 0% used [0x00000000ec600000,0x00000000ec600000,0x00000000ec980000)
 ParOldGen       total 68608K, used 8258K [0x00000000c0000000, 0x00000000c4300000, 0x00000000eab00000)
  object space 68608K, 12% used [0x00000000c0000000,0x00000000c0810968,0x00000000c4300000)
 Metaspace       used 35220K, committed 35840K, reserved 1114112K
  class space    used 3571K, committed 3840K, reserved 1048576K
}
Event: 4.073 GC heap after
{Heap after GC invocations=9 (full 1):
 PSYoungGen      total 27648K, used 3128K [0x00000000eab00000, 0x00000000ec980000, 0x0000000100000000)
  eden space 24064K, 0% used [0x00000000eab00000,0x00000000eab00000,0x00000000ec280000)
  from space 3584K, 87% used [0x00000000ec600000,0x00000000ec90e178,0x00000000ec980000)
  to   space 3584K, 0% used [0x00000000ec280000,0x00000000ec280000,0x00000000ec600000)
 ParOldGen       total 68608K, used 8266K [0x00000000c0000000, 0x00000000c4300000, 0x00000000eab00000)
  object space 68608K, 12% used [0x00000000c0000000,0x00000000c0812968,0x00000000c4300000)
 Metaspace       used 35220K, committed 35840K, reserved 1114112K
  class space    used 3571K, committed 3840K, reserved 1048576K
}
Event: 4.073 GC heap before
{Heap before GC invocations=10 (full 2):
 PSYoungGen      total 27648K, used 3128K [0x00000000eab00000, 0x00000000ec980000, 0x0000000100000000)
  eden space 24064K, 0% used [0x00000000eab00000,0x00000000eab00000,0x00000000ec280000)
  from space 3584K, 87% used [0x00000000ec600000,0x00000000ec90e178,0x00000000ec980000)
  to   space 3584K, 0% used [0x00000000ec280000,0x00000000ec280000,0x00000000ec600000)
 ParOldGen       total 68608K, used 8266K [0x00000000c0000000, 0x00000000c4300000, 0x00000000eab00000)
  object space 68608K, 12% used [0x00000000c0000000,0x00000000c0812968,0x00000000c4300000)
 Metaspace       used 35220K, committed 35840K, reserved 1114112K
  class space    used 3571K, committed 3840K, reserved 1048576K
}
Event: 4.095 GC heap after
{Heap after GC invocations=10 (full 2):
 PSYoungGen      total 27648K, used 0K [0x00000000eab00000, 0x00000000ec980000, 0x0000000100000000)
  eden space 24064K, 0% used [0x00000000eab00000,0x00000000eab00000,0x00000000ec280000)
  from space 3584K, 0% used [0x00000000ec600000,0x00000000ec600000,0x00000000ec980000)
  to   space 3584K, 0% used [0x00000000ec280000,0x00000000ec280000,0x00000000ec600000)
 ParOldGen       total 68608K, used 10886K [0x00000000c0000000, 0x00000000c4300000, 0x00000000eab00000)
  object space 68608K, 15% used [0x00000000c0000000,0x00000000c0aa1898,0x00000000c4300000)
 Metaspace       used 35220K, committed 35840K, reserved 1114112K
  class space    used 3571K, committed 3840K, reserved 1048576K
}
Event: 4.323 GC heap before
{Heap before GC invocations=11 (full 2):
 PSYoungGen      total 27648K, used 24064K [0x00000000eab00000, 0x00000000ec980000, 0x0000000100000000)
  eden space 24064K, 100% used [0x00000000eab00000,0x00000000ec280000,0x00000000ec280000)
  from space 3584K, 0% used [0x00000000ec600000,0x00000000ec600000,0x00000000ec980000)
  to   space 3584K, 0% used [0x00000000ec280000,0x00000000ec280000,0x00000000ec600000)
 ParOldGen       total 68608K, used 10886K [0x00000000c0000000, 0x00000000c4300000, 0x00000000eab00000)
  object space 68608K, 15% used [0x00000000c0000000,0x00000000c0aa1898,0x00000000c4300000)
 Metaspace       used 36204K, committed 36928K, reserved 1114112K
  class space    used 3689K, committed 4032K, reserved 1048576K
}
Event: 4.325 GC heap after
{Heap after GC invocations=11 (full 2):
 PSYoungGen      total 26112K, used 2368K [0x00000000eab00000, 0x00000000ec800000, 0x0000000100000000)
  eden space 23552K, 0% used [0x00000000eab00000,0x00000000eab00000,0x00000000ec200000)
  from space 2560K, 92% used [0x00000000ec280000,0x00000000ec4d0020,0x00000000ec500000)
  to   space 3072K, 0% used [0x00000000ec500000,0x00000000ec500000,0x00000000ec800000)
 ParOldGen       total 68608K, used 10894K [0x00000000c0000000, 0x00000000c4300000, 0x00000000eab00000)
  object space 68608K, 15% used [0x00000000c0000000,0x00000000c0aa3898,0x00000000c4300000)
 Metaspace       used 36204K, committed 36928K, reserved 1114112K
  class space    used 3689K, committed 4032K, reserved 1048576K
}
Event: 4.471 GC heap before
{Heap before GC invocations=12 (full 2):
 PSYoungGen      total 26112K, used 25920K [0x00000000eab00000, 0x00000000ec800000, 0x0000000100000000)
  eden space 23552K, 100% used [0x00000000eab00000,0x00000000ec200000,0x00000000ec200000)
  from space 2560K, 92% used [0x00000000ec280000,0x00000000ec4d0020,0x00000000ec500000)
  to   space 3072K, 0% used [0x00000000ec500000,0x00000000ec500000,0x00000000ec800000)
 ParOldGen       total 68608K, used 10894K [0x00000000c0000000, 0x00000000c4300000, 0x00000000eab00000)
  object space 68608K, 15% used [0x00000000c0000000,0x00000000c0aa3898,0x00000000c4300000)
 Metaspace       used 36301K, committed 36992K, reserved 1114112K
  class space    used 3693K, committed 4032K, reserved 1048576K
}
Event: 4.475 GC heap after
{Heap after GC invocations=12 (full 2):
 PSYoungGen      total 25088K, used 3040K [0x00000000eab00000, 0x00000000eca80000, 0x0000000100000000)
  eden space 22016K, 0% used [0x00000000eab00000,0x00000000eab00000,0x00000000ec080000)
  from space 3072K, 98% used [0x00000000ec500000,0x00000000ec7f8010,0x00000000ec800000)
  to   space 4608K, 0% used [0x00000000ec080000,0x00000000ec080000,0x00000000ec500000)
 ParOldGen       total 68608K, used 12038K [0x00000000c0000000, 0x00000000c4300000, 0x00000000eab00000)
  object space 68608K, 17% used [0x00000000c0000000,0x00000000c0bc18a8,0x00000000c4300000)
 Metaspace       used 36301K, committed 36992K, reserved 1114112K
  class space    used 3693K, committed 4032K, reserved 1048576K
}
Event: 4.582 GC heap before
{Heap before GC invocations=13 (full 2):
 PSYoungGen      total 25088K, used 25056K [0x00000000eab00000, 0x00000000eca80000, 0x0000000100000000)
  eden space 22016K, 100% used [0x00000000eab00000,0x00000000ec080000,0x00000000ec080000)
  from space 3072K, 98% used [0x00000000ec500000,0x00000000ec7f8010,0x00000000ec800000)
  to   space 4608K, 0% used [0x00000000ec080000,0x00000000ec080000,0x00000000ec500000)
 ParOldGen       total 68608K, used 12038K [0x00000000c0000000, 0x00000000c4300000, 0x00000000eab00000)
  object space 68608K, 17% used [0x00000000c0000000,0x00000000c0bc18a8,0x00000000c4300000)
 Metaspace       used 36386K, committed 37056K, reserved 1114112K
  class space    used 3696K, committed 4032K, reserved 1048576K
}
Event: 4.591 GC heap after
{Heap after GC invocations=13 (full 2):
 PSYoungGen      total 24576K, used 2386K [0x00000000eab00000, 0x00000000ec680000, 0x0000000100000000)
  eden space 22016K, 0% used [0x00000000eab00000,0x00000000eab00000,0x00000000ec080000)
  from space 2560K, 93% used [0x00000000ec080000,0x00000000ec2d4b28,0x00000000ec300000)
  to   space 3072K, 0% used [0x00000000ec380000,0x00000000ec380000,0x00000000ec680000)
 ParOldGen       total 68608K, used 15059K [0x00000000c0000000, 0x00000000c4300000, 0x00000000eab00000)
  object space 68608K, 21% used [0x00000000c0000000,0x00000000c0eb4c10,0x00000000c4300000)
 Metaspace       used 36386K, committed 37056K, reserved 1114112K
  class space    used 3696K, committed 4032K, reserved 1048576K
}
Event: 4.673 GC heap before
{Heap before GC invocations=14 (full 2):
 PSYoungGen      total 24576K, used 24402K [0x00000000eab00000, 0x00000000ec680000, 0x0000000100000000)
  eden space 22016K, 100% used [0x00000000eab00000,0x00000000ec080000,0x00000000ec080000)
  from space 2560K, 93% used [0x00000000ec080000,0x00000000ec2d4b28,0x00000000ec300000)
  to   space 3072K, 0% used [0x00000000ec380000,0x00000000ec380000,0x00000000ec680000)
 ParOldGen       total 68608K, used 15059K [0x00000000c0000000, 0x00000000c4300000, 0x00000000eab00000)
  object space 68608K, 21% used [0x00000000c0000000,0x00000000c0eb4c10,0x00000000c4300000)
 Metaspace       used 36446K, committed 37120K, reserved 1114112K
  class space    used 3709K, committed 4032K, reserved 1048576K
}
Event: 4.680 GC heap after
{Heap after GC invocations=14 (full 2):
 PSYoungGen      total 25088K, used 2816K [0x00000000eab00000, 0x00000000ec680000, 0x0000000100000000)
  eden space 22016K, 0% used [0x00000000eab00000,0x00000000eab00000,0x00000000ec080000)
  from space 3072K, 91% used [0x00000000ec380000,0x00000000ec640010,0x00000000ec680000)
  to   space 3072K, 0% used [0x00000000ec080000,0x00000000ec080000,0x00000000ec380000)
 ParOldGen       total 68608K, used 17197K [0x00000000c0000000, 0x00000000c4300000, 0x00000000eab00000)
  object space 68608K, 25% used [0x00000000c0000000,0x00000000c10cb738,0x00000000c4300000)
 Metaspace       used 36446K, committed 37120K, reserved 1114112K
  class space    used 3709K, committed 4032K, reserved 1048576K
}
Event: 4.736 GC heap before
{Heap before GC invocations=15 (full 2):
 PSYoungGen      total 25088K, used 24832K [0x00000000eab00000, 0x00000000ec680000, 0x0000000100000000)
  eden space 22016K, 100% used [0x00000000eab00000,0x00000000ec080000,0x00000000ec080000)
  from space 3072K, 91% used [0x00000000ec380000,0x00000000ec640010,0x00000000ec680000)
  to   space 3072K, 0% used [0x00000000ec080000,0x00000000ec080000,0x00000000ec380000)
 ParOldGen       total 68608K, used 17197K [0x00000000c0000000, 0x00000000c4300000, 0x00000000eab00000)
  object space 68608K, 25% used [0x00000000c0000000,0x00000000c10cb738,0x00000000c4300000)
 Metaspace       used 36447K, committed 37120K, reserved 1114112K
  class space    used 3709K, committed 4032K, reserved 1048576K
}
Event: 4.744 GC heap after
{Heap after GC invocations=15 (full 2):
 PSYoungGen      total 25088K, used 2752K [0x00000000eab00000, 0x00000000ec680000, 0x0000000100000000)
  eden space 22016K, 0% used [0x00000000eab00000,0x00000000eab00000,0x00000000ec080000)
  from space 3072K, 89% used [0x00000000ec080000,0x00000000ec330010,0x00000000ec380000)
  to   space 3072K, 0% used [0x00000000ec380000,0x00000000ec380000,0x00000000ec680000)
 ParOldGen       total 68608K, used 19779K [0x00000000c0000000, 0x00000000c4300000, 0x00000000eab00000)
  object space 68608K, 28% used [0x00000000c0000000,0x00000000c1350f80,0x00000000c4300000)
 Metaspace       used 36447K, committed 37120K, reserved 1114112K
  class space    used 3709K, committed 4032K, reserved 1048576K
}
Event: 4.795 GC heap before
{Heap before GC invocations=16 (full 2):
 PSYoungGen      total 25088K, used 24768K [0x00000000eab00000, 0x00000000ec680000, 0x0000000100000000)
  eden space 22016K, 100% used [0x00000000eab00000,0x00000000ec080000,0x00000000ec080000)
  from space 3072K, 89% used [0x00000000ec080000,0x00000000ec330010,0x00000000ec380000)
  to   space 3072K, 0% used [0x00000000ec380000,0x00000000ec380000,0x00000000ec680000)
 ParOldGen       total 68608K, used 19779K [0x00000000c0000000, 0x00000000c4300000, 0x00000000eab00000)
  object space 68608K, 28% used [0x00000000c0000000,0x00000000c1350f80,0x00000000c4300000)
 Metaspace       used 36447K, committed 37120K, reserved 1114112K
  class space    used 3709K, committed 4032K, reserved 1048576K
}
Event: 4.801 GC heap after
{Heap after GC invocations=16 (full 2):
 PSYoungGen      total 24576K, used 2368K [0x00000000eab00000, 0x00000000ec600000, 0x0000000100000000)
  eden space 22016K, 0% used [0x00000000eab00000,0x00000000eab00000,0x00000000ec080000)
  from space 2560K, 92% used [0x00000000ec380000,0x00000000ec5d0000,0x00000000ec600000)
  to   space 2560K, 0% used [0x00000000ec100000,0x00000000ec100000,0x00000000ec380000)
 ParOldGen       total 68608K, used 22315K [0x00000000c0000000, 0x00000000c4300000, 0x00000000eab00000)
  object space 68608K, 32% used [0x00000000c0000000,0x00000000c15caf90,0x00000000c4300000)
 Metaspace       used 36447K, committed 37120K, reserved 1114112K
  class space    used 3709K, committed 4032K, reserved 1048576K
}

